This is pdfTeX, Version 3.1415926-1.40.11 (TeX Live 2010/Arch Linux) (format=pdflatex 2011.7.13)  31 JUL 2011 20:06
entering extended mode
 restricted \write18 enabled.
 %&-line parsing enabled.
**syntax.tex
(./syntax.tex
LaTeX2e <2009/09/24>
Babel <v3.8l> and hyphenation patterns for english, dumylang, nohyphenation, ge
rman-x-2009-06-19, ngerman-x-2009-06-19, afrikaans, ancientgreek, ibycus, arabi
c, armenian, basque, bulgarian, catalan, pinyin, coptic, croatian, czech, danis
h, dutch, ukenglish, usenglishmax, esperanto, estonian, farsi, finnish, french,
 galician, german, ngerman, swissgerman, monogreek, greek, hungarian, icelandic
, assamese, bengali, gujarati, hindi, kannada, malayalam, marathi, oriya, panja
bi, tamil, telugu, indonesian, interlingua, irish, italian, kurmanji, lao, lati
n, latvian, lithuanian, mongolian, mongolianlmc, bokmal, nynorsk, polish, portu
guese, romanian, russian, sanskrit, serbian, slovak, slovenian, spanish, swedis
h, turkish, turkmen, ukrainian, uppersorbian, welsh, loaded.
(/usr/share/texmf-dist/tex/latex/base/book.cls
Document Class: book 2007/10/19 v1.4h Standard LaTeX document class
(/usr/share/texmf-dist/tex/latex/base/bk12.clo
File: bk12.clo 2007/10/19 v1.4h Standard LaTeX file (size option)
)
\c@part=\count79
\c@chapter=\count80
\c@section=\count81
\c@subsection=\count82
\c@subsubsection=\count83
\c@paragraph=\count84
\c@subparagraph=\count85
\c@figure=\count86
\c@table=\count87
\abovecaptionskip=\skip41
\belowcaptionskip=\skip42
\bibindent=\dimen102
)
\@input{bnf.aux}
\openout2 = `bnf.aux'.

(./bnf.tex)
\@input{syntaxrules.aux}
\openout2 = `syntaxrules.aux'.

(./syntaxrules.tex) (./syntax.aux)
\openout1 = `syntax.aux'.

LaTeX Font Info:    Checking defaults for OML/cmm/m/it on input line 5.
LaTeX Font Info:    ... okay on input line 5.
LaTeX Font Info:    Checking defaults for T1/cmr/m/n on input line 5.
LaTeX Font Info:    ... okay on input line 5.
LaTeX Font Info:    Checking defaults for OT1/cmr/m/n on input line 5.
LaTeX Font Info:    ... okay on input line 5.
LaTeX Font Info:    Checking defaults for OMS/cmsy/m/n on input line 5.
LaTeX Font Info:    ... okay on input line 5.
LaTeX Font Info:    Checking defaults for OMX/cmex/m/n on input line 5.
LaTeX Font Info:    ... okay on input line 5.
LaTeX Font Info:    Checking defaults for U/cmr/m/n on input line 5.
LaTeX Font Info:    ... okay on input line 5.
LaTeX Font Info:    External font `cmex10' loaded for size
(Font)              <12> on input line 7.
LaTeX Font Info:    External font `cmex10' loaded for size
(Font)              <8> on input line 7.
LaTeX Font Info:    External font `cmex10' loaded for size
(Font)              <6> on input line 7.
LaTeX Font Info:    Try loading font information for OMS+cmtt on input line 15.

LaTeX Font Info:    No file OMScmtt.fd. on input line 15.


LaTeX Font Warning: Font shape `OMS/cmtt/m/n' undefined
(Font)              using `OMS/cmsy/m/n' instead
(Font)              for symbol `textbraceleft' on input line 15.


Overfull \hbox (76.456pt too wide) in paragraph at lines 7--27
[][]
 []


Underfull \hbox (badness 10000) in paragraph at lines 7--27

 []

[1{/var/lib/texmf/fonts/map/pdftex/updmap/pdftex.map}





]
Overfull \hbox (67.6981pt too wide) in paragraph at lines 30--40
[][]
 []


Underfull \hbox (badness 10000) in paragraph at lines 30--40

 []

[2]
Overfull \hbox (63.78397pt too wide) in paragraph at lines 43--53
[][]
 []


Underfull \hbox (badness 10000) in paragraph at lines 43--53

 []

[3]
Overfull \hbox (14.87114pt too wide) in paragraph at lines 56--60
[][]
 []


Underfull \hbox (badness 10000) in paragraph at lines 56--60

 []

LaTeX Font Info:    Try loading font information for OMS+cmr on input line 66.
(/usr/share/texmf-dist/tex/latex/base/omscmr.fd
File: omscmr.fd 1999/05/25 v2.5h Standard LaTeX font definitions
)
LaTeX Font Info:    Font shape `OMS/cmr/m/it' in size <12> not available
(Font)              Font shape `OMS/cmsy/m/n' tried instead on input line 66.

Overfull \hbox (56.39111pt too wide) in paragraph at lines 61--72
[][]
 []


Underfull \hbox (badness 10000) in paragraph at lines 61--72

 []


Underfull \vbox (badness 10000) has occurred while \output is active []

 [4]
[5]
Overfull \vbox (863.14856pt too high) has occurred while \output is active []


[6]
Overfull \hbox (43.3664pt too wide) in paragraph at lines 81--94
[][]
 []


Underfull \hbox (badness 10000) in paragraph at lines 81--94

 []

[7]
Overfull \hbox (16.71396pt too wide) in paragraph at lines 97--104
[][]
 []


Underfull \hbox (badness 10000) in paragraph at lines 97--104

 []

[8] (./syntax.aux)

LaTeX Font Warning: Some font shapes were not available, defaults substituted.

 ) 
Here is how much of TeX's memory you used:
 369 strings out of 493772
 3883 string characters out of 3150564
 82821 words of memory out of 3000000
 3723 multiletter control sequences out of 15000+200000
 8682 words of font info for 31 fonts, out of 3000000 for 9000
 715 hyphenation exceptions out of 8191
 24i,11n,19p,149b,267s stack positions out of 5000i,500n,10000p,200000b,50000s
</usr/share/texmf-dist/fonts/type1/public/amsfonts/cm/cmbx12.pfb></usr/share/
texmf-dist/fonts/type1/public/amsfonts/cm/cmbxti10.pfb></usr/share/texmf-dist/f
onts/type1/public/amsfonts/cm/cmr12.pfb></usr/share/texmf-dist/fonts/type1/publ
ic/amsfonts/cm/cmsy10.pfb></usr/share/texmf-dist/fonts/type1/public/amsfonts/cm
/cmti12.pfb></usr/share/texmf-dist/fonts/type1/public/amsfonts/cm/cmtt12.pfb>
Output written on syntax.pdf (8 pages, 71460 bytes).
PDF statistics:
 55 PDF objects out of 1000 (max. 8388607)
 38 compressed objects within 1 object stream
 0 named destinations out of 1000 (max. 500000)
 1 words of extra memory for PDF output out of 10000 (max. 10000000)

